<?xml version="1.0" encoding="UTF-8"?>
<!-- Generated by org.testng.reporters.JUnitReportReporter -->
<testsuite hostname="LAPTOP-NA3OQ0PP" failures="0" tests="2" name="PomClass.LoginTest" time="1.412" errors="0" timestamp="2023-01-14T19:01:29 IST" skipped="0">
  <testcase classname="PomClass.LoginTest" name="Facebook_LoginPage_Test" time="0.979"/>
  <system-out>
    <![CDATA[Verifyfb_Logo
VerifyFb_Tagline
VerifyForgottenPassword
VerifyCreateAnAccount
VerifyFooterLinks
SetEmail_id
SetPassword
Click_login_btn]]>
  </system-out>
  <testcase classname="PomClass.LoginTest" name="Facebook_LoginPage_Test" time="0.433"/>
  <system-out>
    <![CDATA[Verifyfb_Logo
VerifyFb_Tagline
VerifyForgottenPassword
VerifyCreateAnAccount
VerifyFooterLinks
SetEmail_id
SetPassword
Click_login_btn]]>
  </system-out>
</testsuite> <!-- PomClass.LoginTest -->
