<?xml version="1.0" encoding="UTF-8"?>
<!-- Generated by org.testng.reporters.JUnitReportReporter -->
<testsuite hostname="LAPTOP-NA3OQ0PP" failures="0" tests="1" name="GroupingPractice.TestClass3" time="0.001" errors="0" timestamp="2023-01-14T12:33:47 IST" skipped="0">
  <testcase classname="GroupingPractice.TestClass3" name="m5" time="0.001"/>
  <system-out/>
</testsuite> <!-- GroupingPractice.TestClass3 -->
