<?xml version="1.0" encoding="UTF-8"?>
<!-- Generated by org.testng.reporters.JUnitReportReporter -->
<testsuite hostname="LAPTOP-NA3OQ0PP" failures="0" tests="22" name="CrossBrowserTesting.BrowserTesting" time="7.704" errors="0" timestamp="2023-01-10T11:49:39 IST" skipped="0">
  <testcase classname="CrossBrowserTesting.BrowserTesting" name="BrowserOpening" time="2.276"/>
  <system-out/>
  <testcase classname="CrossBrowserTesting.BrowserTesting" name="BrowserOpening" time="3.048"/>
  <system-out/>
  <testcase classname="CrossBrowserTesting.BrowserTesting" name="verifyUrl" time="0.006"/>
  <system-out/>
  <testcase classname="CrossBrowserTesting.BrowserTesting" name="verifyUrl" time="0.004"/>
  <system-out/>
  <testcase classname="CrossBrowserTesting.BrowserTesting" name="lastName" time="0.096"/>
  <system-out/>
  <testcase classname="CrossBrowserTesting.BrowserTesting" name="firstName" time="0.095"/>
  <system-out/>
  <testcase classname="CrossBrowserTesting.BrowserTesting" name="firstName" time="0.132"/>
  <system-out/>
  <testcase classname="CrossBrowserTesting.BrowserTesting" name="lastName" time="0.044"/>
  <system-out/>
  <testcase classname="CrossBrowserTesting.BrowserTesting" name="emailID" time="0.093"/>
  <system-out/>
  <testcase classname="CrossBrowserTesting.BrowserTesting" name="emailID" time="0.059"/>
  <system-out/>
  <testcase classname="CrossBrowserTesting.BrowserTesting" name="setPassword" time="0.037"/>
  <system-out/>
  <testcase classname="CrossBrowserTesting.BrowserTesting" name="setPassword" time="0.071"/>
  <system-out/>
  <testcase classname="CrossBrowserTesting.BrowserTesting" name="SetDate" time="0.103"/>
  <system-out/>
  <testcase classname="CrossBrowserTesting.BrowserTesting" name="SetDate" time="0.290"/>
  <system-out/>
  <testcase classname="CrossBrowserTesting.BrowserTesting" name="SetMonth" time="0.254"/>
  <system-out/>
  <testcase classname="CrossBrowserTesting.BrowserTesting" name="SetMonth" time="0.099"/>
  <system-out/>
  <testcase classname="CrossBrowserTesting.BrowserTesting" name="SetYear" time="0.259"/>
  <system-out/>
  <testcase classname="CrossBrowserTesting.BrowserTesting" name="SetYear" time="0.088"/>
  <system-out/>
  <testcase classname="CrossBrowserTesting.BrowserTesting" name="SetGender" time="0.065"/>
  <system-out/>
  <testcase classname="CrossBrowserTesting.BrowserTesting" name="SetGender" time="0.241"/>
  <system-out/>
  <testcase classname="CrossBrowserTesting.BrowserTesting" name="ClickLoginBtn" time="0.082"/>
  <system-out/>
  <testcase classname="CrossBrowserTesting.BrowserTesting" name="ClickLoginBtn" time="0.262"/>
  <system-out/>
</testsuite> <!-- CrossBrowserTesting.BrowserTesting -->
