<?xml version="1.0" encoding="UTF-8"?>
<!-- Generated by org.testng.reporters.JUnitReportReporter -->
<testsuite hostname="LAPTOP-NA3OQ0PP" failures="0" tests="4" name="abcdef.class1" time="0.008" errors="0" timestamp="2023-01-10T15:00:11 IST" skipped="0">
  <testcase classname="abcdef.class1" name="m2" time="0.001"/>
  <system-out/>
  <testcase classname="abcdef.class1" name="m4" time="0.000"/>
  <system-out/>
  <testcase classname="abcdef.class1" name="m3" time="0.000"/>
  <system-out/>
  <testcase classname="abcdef.class1" name="m1" time="0.007"/>
  <system-out/>
</testsuite> <!-- abcdef.class1 -->
