<?xml version="1.0" encoding="UTF-8"?>
<!-- Generated by org.testng.reporters.JUnitReportReporter -->
<testsuite hostname="LAPTOP-NA3OQ0PP" failures="0" tests="1" name="PomClass.RegistrationTest" time="0.580" errors="0" timestamp="2023-01-11T12:44:25 IST" skipped="0">
  <testcase classname="PomClass.RegistrationTest" name="FbRegistrationPageTest" time="0.580"/>
  <system-out>
    <![CDATA[VerifyFbRegistrationPageFbLogo
VerifyFbRegistrationPageTagline
VerifyFbRegistrationPageAlreadyAccountLink
VerifyFbRegistrationPageFooterLinks
SetFbRegistrationPageFirstname
SetFbRegistrationPageLastname
SetFbRegistrationPageMobileEmail
SetFbRegistrationPagePassword
SetFbRegistrationPageBirthDate
SetFbRegistrationPageBirthMonth
SetFbRegistrationPageBirthYear
SetFbRegistrationPageGender
ClickFbRegistrationPageLoginBtn]]>
  </system-out>
</testsuite> <!-- PomClass.RegistrationTest -->
