<?xml version="1.0" encoding="UTF-8"?>
<!-- Generated by org.testng.reporters.JUnitReportReporter -->
<testsuite hostname="LAPTOP-NA3OQ0PP" failures="0" tests="1" name="GroupingPractice.TestClass1" time="0.008" errors="0" timestamp="2023-01-14T12:33:47 IST" skipped="0">
  <testcase classname="GroupingPractice.TestClass1" name="m1" time="0.008"/>
  <system-out/>
</testsuite> <!-- GroupingPractice.TestClass1 -->
