<?xml version="1.0" encoding="UTF-8"?>
<!-- Generated by org.testng.reporters.JUnitReportReporter -->
<testsuite hostname="LAPTOP-NA3OQ0PP" failures="0" tests="3" name="abcdef.BeforeMethodannotation" time="0.013" errors="0" timestamp="2023-01-10T12:32:27 IST" skipped="0">
  <testcase classname="abcdef.BeforeMethodannotation" name="m2" time="0.006"/>
  <system-out/>
  <testcase classname="abcdef.BeforeMethodannotation" name="m1" time="0.005"/>
  <system-out/>
  <testcase classname="abcdef.BeforeMethodannotation" name="m3" time="0.002"/>
  <system-out/>
</testsuite> <!-- abcdef.BeforeMethodannotation -->
